<?xml version="1.0" encoding="UTF-8"?>
<testng-results ignored="0" total="2" passed="2" failed="0" skipped="0">
  <reporter-output>
  </reporter-output>
  <suite started-at="2021-04-24T14:30:26Z" name="Default suite" finished-at="2021-04-24T14:31:03Z" duration-ms="37510">
    <groups>
    </groups>
    <test started-at="2021-04-24T14:30:26Z" name="Default test" finished-at="2021-04-24T14:31:03Z" duration-ms="37510">
      <class name="com.selenium.test.NegativeTests">
        <test-method signature="incorrectPasswordTest()[pri:0, instance:com.selenium.test.NegativeTests@a307a8c]" started-at="2021-04-24T14:30:26Z" name="incorrectPasswordTest" finished-at="2021-04-24T14:30:47Z" duration-ms="21377" status="PASS">
          <reporter-output>
          </reporter-output>
        </test-method> <!-- incorrectPasswordTest -->
        <test-method signature="incorrectUsernameTest()[pri:0, instance:com.selenium.test.NegativeTests@a307a8c]" started-at="2021-04-24T14:30:47Z" name="incorrectUsernameTest" finished-at="2021-04-24T14:31:03Z" duration-ms="16087" status="PASS">
          <reporter-output>
          </reporter-output>
        </test-method> <!-- incorrectUsernameTest -->
      </class> <!-- com.selenium.test.NegativeTests -->
    </test> <!-- Default test -->
  </suite> <!-- Default suite -->
</testng-results>
